<?xml version="1.0" encoding="UTF-8"?>
<!-- Generated by org.testng.reporters.JUnitReportReporter -->
<testsuite skipped="0" hostname="DESKTOP-20FUL3E" name="com.orange.test.LoginPageTest" tests="5" failures="0" timestamp="2021-04-20T12:02:21 IST" time="47.841" errors="0">
  <testcase name="logoTest" time="13.603" classname="com.orange.test.LoginPageTest"/>
  <system-out/>
  <testcase name="pageTitleTest" time="6.742" classname="com.orange.test.LoginPageTest"/>
  <system-out/>
  <testcase name="forgotPWDTest" time="8.105" classname="com.orange.test.LoginPageTest"/>
  <system-out/>
  <testcase name="orgHRMTest" time="7.047" classname="com.orange.test.LoginPageTest"/>
  <system-out/>
  <testcase name="loginTest" time="12.344" classname="com.orange.test.LoginPageTest"/>
  <system-out/>
</testsuite> <!-- com.orange.test.LoginPageTest -->
