<?xml version="1.0" encoding="UTF-8"?>
<!-- Generated by org.testng.reporters.JUnitReportReporter -->
<testsuite skipped="0" hostname="DESKTOP-20FUL3E" name="com.orange.test.LoginPageTest" tests="5" failures="0" timestamp="2021-04-20T17:23:46 IST" time="57.618" errors="0">
  <testcase name="logoTest" time="9.055" classname="com.orange.test.LoginPageTest"/>
  <system-out/>
  <testcase name="pageTitleTest" time="9.451" classname="com.orange.test.LoginPageTest"/>
  <system-out/>
  <testcase name="forgotPWDTest" time="11.758" classname="com.orange.test.LoginPageTest"/>
  <system-out/>
  <testcase name="orgHRMTest" time="10.352" classname="com.orange.test.LoginPageTest"/>
  <system-out/>
  <testcase name="loginTest" time="17.002" classname="com.orange.test.LoginPageTest"/>
  <system-out/>
</testsuite> <!-- com.orange.test.LoginPageTest -->
